<?xml version="1.0" encoding="UTF-8"?>
<!-- Generated by org.testng.reporters.JUnitReportReporter -->
<testsuite skipped="0" hostname="DESKTOP-9D011CU" name="Practice.OrgNameText" tests="1" failures="0" timestamp="9 Nov 2021 10:46:32 GMT" time="20.933" errors="0">
  <testcase name="orgNametxt" time="20.933" classname="Practice.OrgNameText"/>
</testsuite> <!-- Practice.OrgNameText -->
