<?xml version="1.0" encoding="UTF-8"?>
<!-- Generated by org.testng.reporters.JUnitReportReporter -->
<testsuite skipped="0" hostname="DESKTOP-9D011CU" name="Practice.OrgCheckBoxAll" tests="1" failures="0" timestamp="9 Nov 2021 10:24:44 GMT" time="25.753" errors="0">
  <testcase name="orgNameCheck" time="25.753" classname="Practice.OrgCheckBoxAll"/>
</testsuite> <!-- Practice.OrgCheckBoxAll -->
