<?xml version="1.0" encoding="UTF-8"?>
<!-- Generated by org.testng.reporters.JUnitReportReporter -->
<testsuite skipped="0" hostname="DESKTOP-9D011CU" name="com.crm.comcast.organisationTest.CreateOrganisationWithIndustryType" tests="1" failures="0" timestamp="29 Oct 2021 07:34:09 GMT" time="21.620" errors="0">
  <testcase name="createOrg" time="21.620" classname="com.crm.comcast.organisationTest.CreateOrganisationWithIndustryType"/>
</testsuite> <!-- com.crm.comcast.organisationTest.CreateOrganisationWithIndustryType -->
