<?xml version="1.0" encoding="UTF-8"?>
<!-- Generated by org.testng.reporters.JUnitReportReporter -->
<testsuite skipped="0" hostname="DESKTOP-9D011CU" name="db_package.TicketBooking" tests="5" failures="0" timestamp="2 Nov 2021 19:46:10 GMT" time="0.031" errors="0">
  <testcase name="Bookings" time="0.000" classname="db_package.TicketBooking"/>
  <testcase name="Bookings" time="0.015" classname="db_package.TicketBooking"/>
  <testcase name="Bookings" time="0.000" classname="db_package.TicketBooking"/>
  <testcase name="Bookings" time="0.016" classname="db_package.TicketBooking"/>
  <testcase name="Bookings" time="0.000" classname="db_package.TicketBooking"/>
</testsuite> <!-- db_package.TicketBooking -->
