<?xml version="1.0" encoding="UTF-8"?>
<!-- Generated by org.testng.reporters.JUnitReportReporter -->
<testsuite skipped="0" hostname="DESKTOP-9D011CU" name="com.crm.practice.CreateContact.CreateContactPractice" tests="1" failures="0" timestamp="2 Nov 2021 11:29:06 GMT" time="18.748" errors="0">
  <testcase name="createContct" time="18.748" classname="com.crm.practice.CreateContact.CreateContactPractice"/>
</testsuite> <!-- com.crm.practice.CreateContact.CreateContactPractice -->
