<?xml version="1.0" encoding="UTF-8"?>
<!-- Generated by org.testng.reporters.JUnitReportReporter -->
<testsuite skipped="0" hostname="DESKTOP-9D011CU" name="External_utility.Sample_test2" tests="1" failures="0" timestamp="28 Oct 2021 07:56:54 GMT" time="22.540" errors="0">
  <testcase name="createOrgwithIndustry" time="22.540" classname="External_utility.Sample_test2"/>
</testsuite> <!-- External_utility.Sample_test2 -->
