<?xml version="1.0" encoding="UTF-8"?>
<!-- Generated by org.testng.reporters.JUnitReportReporter -->
<testsuite skipped="0" hostname="DESKTOP-9D011CU" name="com.crm.comcast.CreateContact.CreateContacttest" tests="1" failures="0" timestamp="30 Oct 2021 19:56:46 GMT" time="53.724" errors="0">
  <testcase name="getContactName" time="53.724" classname="com.crm.comcast.CreateContact.CreateContacttest"/>
</testsuite> <!-- com.crm.comcast.CreateContact.CreateContacttest -->
