<?xml version="1.0" encoding="UTF-8"?>
<!-- Generated by org.testng.reporters.JUnitReportReporter -->
<testsuite skipped="0" hostname="DESKTOP-9D011CU" name="com.crm.practice.Organization.CreateOrganisationTest" tests="1" failures="0" timestamp="10 Nov 2021 07:02:35 GMT" time="29.768" errors="0">
  <testcase name="createOrg" time="29.768" classname="com.crm.practice.Organization.CreateOrganisationTest"/>
</testsuite> <!-- com.crm.practice.Organization.CreateOrganisationTest -->
