<?xml version="1.0" encoding="UTF-8"?>
<!-- Generated by org.testng.reporters.JUnitReportReporter -->
<testsuite skipped="0" hostname="DESKTOP-9D011CU" name="Practice.DynamicOrgName" tests="1" failures="0" timestamp="10 Nov 2021 07:53:09 GMT" time="42.453" errors="0">
  <testcase name="orgNameDynamic" time="42.453" classname="Practice.DynamicOrgName"/>
</testsuite> <!-- Practice.DynamicOrgName -->
