<?xml version="1.0" encoding="UTF-8"?>
<!-- Generated by org.testng.reporters.JUnitReportReporter -->
<testsuite skipped="0" hostname="DESKTOP-9D011CU" name="com.crm.practice.Createorganisation.CreateOrganisationPractice" tests="1" failures="0" timestamp="30 Oct 2021 20:12:08 GMT" time="43.072" errors="0">
  <testcase name="createOrg" time="43.072" classname="com.crm.practice.Createorganisation.CreateOrganisationPractice"/>
</testsuite> <!-- com.crm.practice.Createorganisation.CreateOrganisationPractice -->
